<?xml version="1.0" encoding="utf-8"?><testsuites name="pytest tests"><testsuite name="pytest" errors="0" failures="0" skipped="1" tests="15" time="7.221" timestamp="2026-09-13T17:18:02.666526+00:00" hostname="agent-env-9acfcc5b-c439-471f-97f0-1da52b8263f7"><testcase classname="tests.test_iteration2.TestSecuritySetup" name="test_setup_status_admin_exists" time="0.387" /><testcase classname="tests.test_iteration2.TestSecuritySetup" name="test_setup_post_conflict" time="0.079" /><testcase classname="tests.test_iteration2.TestSecuritySetup" name="test_old_hardcoded_password_fails" time="0.289" /><testcase classname="tests.test_iteration2.TestSecuritySetup" name="test_demo_password_works_for_all_three" time="1.257" /><testcase classname="tests.test_iteration2.TestRealtime" name="test_ws_presence_message_typing_read_pong" time="2.804" /><testcase classname="tests.test_iteration2.TestSecuritySetup" name="test_no_hardcoded_old_password_in_repo" time="0.004" /><testcase classname="tests.test_iteration2.TestMediaVisibility" name="test_library_public_readable" time="0.363"><skipped type="pytest.skip" message="object storage env issue: 500 Internal Server Error">/app/backend/tests/test_iteration2.py:79: object storage env issue: 500 Internal Server Error</skipped></testcase><testcase classname="tests.test_iteration2.TestRealtime" name="test_ws_invalid_token_closes_4401" time="0.270" /><testcase classname="tests.test_iteration2.TestMediaVisibility" name="test_project_media_private" time="1.876" /><testcase classname="tests.test_iteration2.TestRealtime" name="test_ws_other_project_forbidden" time="1.073" /><testcase classname="tests.test_iteration2.TestNotificationEvents" name="test_message_creates_notification_for_client" time="0.191" /><testcase classname="tests.test_iteration2.TestNotificationEvents" name="test_appointment_and_progress_notifications" time="0.362" /><testcase classname="tests.test_iteration2.TestBeforeAfter" name="test_employee_flow_and_publish" time="1.326" /><testcase classname="tests.test_iteration2.TestChatAttachments" name="test_client_upload_and_attach" time="0.403" /><testcase classname="tests.test_iteration2.TestBeforeAfter" name="test_before_id_from_another_project_422" time="1.307" /></testsuite></testsuites>