<?xml version="1.0" encoding="utf-8"?><testsuites name="pytest tests"><testsuite name="pytest" errors="0" failures="0" skipped="0" tests="60" time="12.662" timestamp="2026-09-13T17:19:36.911535+00:00" hostname="agent-env-9acfcc5b-c439-471f-97f0-1da52b8263f7"><testcase classname="tests.backend_test.TestAdmin" name="test_admin_dashboard" time="0.710" /><testcase classname="tests.backend_test.TestAdmin" name="test_employee_dashboard" time="0.819" /><testcase classname="tests.backend_test.TestAdmin" name="test_analytics" time="0.066" /><testcase classname="tests.backend_test.TestProjects" name="test_list_projects_client_scoping" time="3.981" /><testcase classname="tests.backend_test.TestAdmin" name="test_activity" time="0.080" /><testcase classname="tests.backend_test.TestAdmin" name="test_search" time="0.068" /><testcase classname="tests.backend_test.TestAdmin" name="test_settings" time="0.136" /><testcase classname="tests.backend_test.TestAdmin" name="test_cms_put_admin_only" time="0.140" /><testcase classname="tests.backend_test.TestAdmin" name="test_employees_create" time="0.530" /><testcase classname="tests.backend_test.TestAdmin" name="test_customers" time="0.135" /><testcase classname="tests.backend_test.TestAdmin" name="test_portfolio_create" time="0.069" /><testcase classname="tests.backend_test.TestAdmin" name="test_email_outbox" time="0.068" /><testcase classname="tests.backend_test.TestAuth" name="test_register_client" time="0.290" /><testcase classname="tests.backend_test.TestAuth" name="test_login_all_seeded" time="0.866" /><testcase classname="tests.backend_test.TestAuth" name="test_me" time="0.066" /><testcase classname="tests.backend_test.TestAuth" name="test_password_reset_request_always_200" time="0.228" /><testcase classname="tests.backend_test.TestProjects" name="test_list_projects_employee_scoping" time="0.373" /><testcase classname="tests.backend_test.TestAuth" name="test_password_reset_confirm_invalid_400" time="0.068" /><testcase classname="tests.backend_test.TestAuth" name="test_role_change_requires_admin" time="0.068" /><testcase classname="tests.test_iteration2.TestSecuritySetup" name="test_setup_status_admin_exists" time="0.239" /><testcase classname="tests.test_iteration2.TestSecuritySetup" name="test_setup_post_conflict" time="0.062" /><testcase classname="tests.backend_test.TestProjects" name="test_other_client_forbidden" time="0.424" /><testcase classname="tests.test_iteration2.TestSecuritySetup" name="test_old_hardcoded_password_fails" time="0.327" /><testcase classname="tests.backend_test.TestProjects" name="test_get_model_null" time="0.229" /><testcase classname="tests.backend_test.TestProjects" name="test_patch_stage_and_progress" time="0.369" /><testcase classname="tests.test_iteration2.TestSecuritySetup" name="test_demo_password_works_for_all_three" time="0.878" /><testcase classname="tests.backend_test.TestProjects" name="test_zones_crud_and_validation" time="0.945" /><testcase classname="tests.test_iteration2.TestSecuritySetup" name="test_no_hardcoded_old_password_in_repo" time="0.003" /><testcase classname="tests.backend_test.TestPublic" name="test_health" time="0.067" /><testcase classname="tests.backend_test.TestPublic" name="test_meta" time="0.065" /><testcase classname="tests.backend_test.TestPublic" name="test_cms" time="0.066" /><testcase classname="tests.backend_test.TestPublic" name="test_portfolio_seeded" time="0.068" /><testcase classname="tests.backend_test.TestProjects" name="test_timeline" time="0.252" /><testcase classname="tests.backend_test.TestProjects" name="test_updates_visibility" time="0.452" /><testcase classname="tests.backend_test.TestConvert" name="test_convert_creates_expected" time="0.755" /><testcase classname="tests.backend_test.TestConvert" name="test_second_convert_409" time="0.066" /><testcase classname="tests.backend_test.TestConvert" name="test_client_dashboard" time="0.072" /><testcase classname="tests.backend_test.TestProjects" name="test_tasks_flow" time="0.189" /><testcase classname="tests.backend_test.TestConvert" name="test_patch_lead_status_and_notes" time="0.200" /><testcase classname="tests.backend_test.TestProjects" name="test_diary_client_visibility" time="0.673" /><testcase classname="tests.backend_test.TestComms" name="test_messages_and_scope" time="0.527" /><testcase classname="tests.backend_test.TestComms" name="test_inbox" time="0.079" /><testcase classname="tests.backend_test.TestPublicRequest" name="test_missing_consent_422" time="0.071" /><testcase classname="tests.backend_test.TestComms" name="test_appointment_type_validation" time="0.068" /><testcase classname="tests.backend_test.TestPublicRequest" name="test_create_lead_success" time="0.156" /><testcase classname="tests.backend_test.TestComms" name="test_notifications" time="0.079" /><testcase classname="tests.test_iteration2.TestRealtime" name="test_ws_presence_message_typing_read_pong" time="0.687" /><testcase classname="tests.backend_test.TestPublicRequest" name="test_list_leads_forbidden_employee" time="0.071" /><testcase classname="tests.backend_test.TestFiles" name="test_upload_and_delete_document" time="0.334" /><testcase classname="tests.backend_test.TestFiles" name="test_media_list" time="0.192" /><testcase classname="tests.test_iteration2.TestMediaVisibility" name="test_library_public_readable" time="0.635" /><testcase classname="tests.test_iteration2.TestRealtime" name="test_ws_invalid_token_closes_4401" time="0.188" /><testcase classname="tests.test_iteration2.TestMediaVisibility" name="test_project_media_private" time="0.800" /><testcase classname="tests.test_iteration2.TestRealtime" name="test_ws_other_project_forbidden" time="0.889" /><testcase classname="tests.test_iteration2.TestNotificationEvents" name="test_message_creates_notification_for_client" time="0.139" /><testcase classname="tests.test_iteration2.TestNotificationEvents" name="test_appointment_and_progress_notifications" time="0.225" /><testcase classname="tests.test_iteration2.TestBeforeAfter" name="test_employee_flow_and_publish" time="0.954" /><testcase classname="tests.backend_test.TestCommerce" name="test_offer_flow" time="0.790" /><testcase classname="tests.test_iteration2.TestChatAttachments" name="test_client_upload_and_attach" time="0.596" /><testcase classname="tests.test_iteration2.TestBeforeAfter" name="test_before_id_from_another_project_422" time="1.228" /></testsuite></testsuites>