<?xml version="1.0" encoding="utf-8"?><testsuites name="pytest tests"><testsuite name="pytest" errors="0" failures="0" skipped="0" tests="45" time="7.122" timestamp="2026-09-13T16:54:03.244152+00:00" hostname="agent-env-9acfcc5b-c439-471f-97f0-1da52b8263f7"><testcase classname="tests.backend_test.TestAdmin" name="test_admin_dashboard" time="0.769" /><testcase classname="tests.backend_test.TestAdmin" name="test_employee_dashboard" time="0.815" /><testcase classname="tests.backend_test.TestProjects" name="test_list_projects_client_scoping" time="1.618" /><testcase classname="tests.backend_test.TestAdmin" name="test_analytics" time="0.115" /><testcase classname="tests.backend_test.TestAdmin" name="test_activity" time="0.206" /><testcase classname="tests.backend_test.TestProjects" name="test_list_projects_employee_scoping" time="0.336" /><testcase classname="tests.backend_test.TestAdmin" name="test_search" time="0.071" /><testcase classname="tests.backend_test.TestAdmin" name="test_settings" time="0.388" /><testcase classname="tests.backend_test.TestProjects" name="test_other_client_forbidden" time="0.335" /><testcase classname="tests.backend_test.TestProjects" name="test_get_model_null" time="0.052" /><testcase classname="tests.backend_test.TestProjects" name="test_patch_stage_and_progress" time="0.075" /><testcase classname="tests.backend_test.TestAdmin" name="test_cms_put_admin_only" time="0.203" /><testcase classname="tests.backend_test.TestProjects" name="test_zones_crud_and_validation" time="0.446" /><testcase classname="tests.backend_test.TestAdmin" name="test_employees_create" time="0.312" /><testcase classname="tests.backend_test.TestProjects" name="test_timeline" time="0.056" /><testcase classname="tests.backend_test.TestAdmin" name="test_customers" time="0.158" /><testcase classname="tests.backend_test.TestProjects" name="test_updates_visibility" time="0.181" /><testcase classname="tests.backend_test.TestAdmin" name="test_portfolio_create" time="0.069" /><testcase classname="tests.backend_test.TestProjects" name="test_tasks_flow" time="0.155" /><testcase classname="tests.backend_test.TestAdmin" name="test_email_outbox" time="0.097" /><testcase classname="tests.backend_test.TestAuth" name="test_register_client" time="0.292" /><testcase classname="tests.backend_test.TestProjects" name="test_diary_client_visibility" time="0.297" /><testcase classname="tests.backend_test.TestAuth" name="test_login_all_seeded" time="0.995" /><testcase classname="tests.backend_test.TestPublic" name="test_health" time="0.241" /><testcase classname="tests.backend_test.TestPublic" name="test_meta" time="0.054" /><testcase classname="tests.backend_test.TestPublic" name="test_cms" time="0.055" /><testcase classname="tests.backend_test.TestPublic" name="test_portfolio_seeded" time="0.239" /><testcase classname="tests.backend_test.TestConvert" name="test_convert_creates_expected" time="0.059" /><testcase classname="tests.backend_test.TestConvert" name="test_second_convert_409" time="0.271" /><testcase classname="tests.backend_test.TestConvert" name="test_client_dashboard" time="0.062" /><testcase classname="tests.backend_test.TestAuth" name="test_me" time="0.068" /><testcase classname="tests.backend_test.TestConvert" name="test_patch_lead_status_and_notes" time="0.160" /><testcase classname="tests.backend_test.TestAuth" name="test_password_reset_request_always_200" time="0.074" /><testcase classname="tests.backend_test.TestAuth" name="test_password_reset_confirm_invalid_400" time="0.113" /><testcase classname="tests.backend_test.TestComms" name="test_messages_and_scope" time="0.185" /><testcase classname="tests.backend_test.TestAuth" name="test_role_change_requires_admin" time="0.095" /><testcase classname="tests.backend_test.TestPublicRequest" name="test_missing_consent_422" time="0.112" /><testcase classname="tests.backend_test.TestComms" name="test_inbox" time="0.060" /><testcase classname="tests.backend_test.TestComms" name="test_appointment_type_validation" time="0.056" /><testcase classname="tests.backend_test.TestPublicRequest" name="test_create_lead_success" time="0.152" /><testcase classname="tests.backend_test.TestComms" name="test_notifications" time="0.062" /><testcase classname="tests.backend_test.TestFiles" name="test_upload_and_delete_document" time="0.282" /><testcase classname="tests.backend_test.TestPublicRequest" name="test_list_leads_forbidden_employee" time="0.092" /><testcase classname="tests.backend_test.TestFiles" name="test_media_list" time="0.232" /><testcase classname="tests.backend_test.TestCommerce" name="test_offer_flow" time="1.549" /></testsuite></testsuites>